14.6.2023, 15:12:41 - INFO - Server is running on port: 3030 
14.6.2023, 15:28:05 - INFO - Server is running on port: 3030 
14.6.2023, 15:29:15 - INFO - Server is running on port: 3030 
14.6.2023, 15:34:40 - INFO - Server is running on port: 3030 
14.6.2023, 15:57:33 - INFO - Server is running on port: 3030 
14.6.2023, 17:12:52 - INFO - Server is running on port: 3030 
14.6.2023, 17:13:40 - INFO - Server is running on port: 3030 
14.6.2023, 17:14:13 - INFO - Server is running on port: 3030 
14.6.2023, 17:14:53 - INFO - Server is running on port: 3030 
14.6.2023, 17:20:45 - INFO - Server is running on port: 3030 
14.6.2023, 17:20:56 - INFO - Server is running on port: 3030 
14.6.2023, 17:22:36 - INFO - Server is running on port: 3030 
14.6.2023, 17:24:37 - INFO - Server is running on port: 3030 
14.6.2023, 17:35:44 - INFO - Server is running on port: 3030 
15.6.2023, 11:15:57 - INFO - Server is running on port: 3030 
15.6.2023, 11:30:21 - INFO - Server is running on port: 3030 
15.6.2023, 11:36:17 - INFO - Server is running on port: 3030 
15.6.2023, 11:37:44 - INFO - Server is running on port: 3030 
15.6.2023, 11:39:55 - INFO - Server is running on port: 3030 
15.6.2023, 11:45:11 - INFO - Server is running on port: 3030 
15.6.2023, 11:47:15 - INFO - Server is running on port: 3030 
15.6.2023, 11:51:14 - INFO - Server is running on port: 3030 
15.6.2023, 11:52:13 - INFO - Server is running on port: 3030 
15.6.2023, 11:54:59 - INFO - Server is running on port: 3030 
15.6.2023, 11:56:52 - INFO - Server is running on port: 3030 
15.6.2023, 11:59:29 - INFO - Server is running on port: 3030 
15.6.2023, 12:07:37 - INFO - Server is running on port: 3030 
15.6.2023, 12:11:03 - INFO - Server is running on port: 3030 
15.6.2023, 12:12:47 - INFO - Server is running on port: 3030 
15.6.2023, 12:13:42 - INFO - Server is running on port: 3030 
16.6.2023, 18:45:12 - INFO - Server is running on port: 3030 
16.6.2023, 18:58:19 - INFO - Server is running on port: 3030 
16.6.2023, 19:03:35 - INFO - Server is running on port: 3030 
17.6.2023, 12:56:37 - INFO - Server is running on port: 3030 
18.6.2023, 11:02:39 - INFO - Server is running on port: 3030 
18.6.2023, 11:03:33 - INFO - Server is running on port: 3030 
18.6.2023, 12:24:04 - INFO - Server is running on port: 3030 
18.6.2023, 12:24:31 - INFO - Server is running on port: 3030 
18.6.2023, 12:27:12 - INFO - Server is running on port: 3030 
18.6.2023, 12:30:10 - INFO - Server is running on port: 3030 
18.6.2023, 12:35:56 - INFO - Server is running on port: 3030 
18.6.2023, 12:36:00 - DEBUG - auth.service - login with username: roey-hazan 
18.6.2023, 12:36:00 - ERROR - Failed to Login Invalid username or password 
18.6.2023, 12:36:26 - DEBUG - auth.service - login with username: roey-hazan 
18.6.2023, 12:36:26 - ERROR - Failed to Login Invalid username or password 
18.6.2023, 12:37:08 - DEBUG - auth.service - login with username: ro 
18.6.2023, 12:37:08 - ERROR - Failed to Login Invalid username or password 
18.6.2023, 12:37:19 - DEBUG - auth.service - login with username: roey-hazan 
18.6.2023, 12:37:19 - ERROR - Failed to Login Invalid username or password 
18.6.2023, 12:43:13 - DEBUG - auth.service - login with username: roey-hazan 
18.6.2023, 12:43:13 - ERROR - Failed to Login Invalid username or password 
18.6.2023, 12:43:27 - INFO - Server is running on port: 3030 
18.6.2023, 12:44:12 - DEBUG - auth.service - login with username: roey-hazan 
18.6.2023, 12:44:12 - ERROR - Failed to Login Invalid username or password 
18.6.2023, 12:45:26 - DEBUG - auth.service - login with username: roey-hazan 
18.6.2023, 12:45:26 - ERROR - Failed to Login Invalid username or password 
18.6.2023, 12:45:36 - INFO - Server is running on port: 3030 
18.6.2023, 12:45:46 - DEBUG - auth.service - login with username: roey-hazan 
18.6.2023, 12:45:46 - ERROR - Failed to Login Invalid username or password 
18.6.2023, 12:46:01 - INFO - Server is running on port: 3030 
18.6.2023, 12:46:14 - DEBUG - auth.service - login with username: roey-hazan 
18.6.2023, 12:46:14 - ERROR - Failed to Login Invalid username or password 
18.6.2023, 13:01:04 - INFO - Server is running on port: 3030 
18.6.2023, 13:01:45 - INFO - Server is running on port: 3030 
18.6.2023, 13:02:33 - DEBUG - auth.service - login with username: roey-hazan 
18.6.2023, 13:02:33 - ERROR - Failed to Login Invalid username or password 
18.6.2023, 13:04:27 - INFO - Server is running on port: 3030 
18.6.2023, 13:04:38 - DEBUG - auth.service - login with username: roey-hazan 
18.6.2023, 13:04:38 - ERROR - Failed to Login Invalid username or password 
18.6.2023, 13:06:36 - INFO - Server is running on port: 3030 
18.6.2023, 13:06:58 - DEBUG - auth.service - login with username: roey-hazan 
18.6.2023, 13:06:58 - INFO - User login:  | {"username":"roey-hazan"} 
18.6.2023, 13:25:49 - INFO - Server is running on port: 3030 
18.6.2023, 13:26:25 - DEBUG - auth.service - login with username: roey-hazan 
18.6.2023, 13:26:25 - ERROR - Failed to Login Invalid username or password 
18.6.2023, 13:26:39 - DEBUG - auth.service - login with username: roey-hazan 
18.6.2023, 13:26:40 - INFO - User login:  | {"name":"רועי חזן","username":"roey-hazan"} 
18.6.2023, 13:28:20 - DEBUG - auth.service - login with username: roey-hazan 
18.6.2023, 13:28:20 - INFO - User login:  | {"name":"רועי חזן","username":"roey-hazan"} 
18.6.2023, 13:29:42 - INFO - Server is running on port: 3030 
18.6.2023, 13:30:02 - DEBUG - auth.service - login with username: roey-hazan 
18.6.2023, 13:30:02 - INFO - User login:  | {"fullname":"רועי חזן","cart":[],"username":"roey-hazan"} 
26.6.2023, 19:46:54 - INFO - Server is running on port: 3030 
26.6.2023, 20:17:00 - INFO - Server is running on port: 3030 
26.6.2023, 20:23:38 - INFO - Server is running on port: 3030 
26.6.2023, 20:31:55 - INFO - Server is running on port: 3030 
27.6.2023, 8:16:11 - INFO - Server is running on port: 3030 
27.6.2023, 8:29:59 - INFO - Server is running on port: 3030 
27.6.2023, 17:30:22 - INFO - Server is running on port: 3030 
28.6.2023, 11:31:34 - INFO - Server is running on port: 3030 
28.6.2023, 11:31:51 - DEBUG - auth.service - login with username: roey-hazan 
28.6.2023, 11:31:51 - INFO - User login:  | {"fullname":"רועי חזן","cart":[],"username":"roey-hazan"} 
28.6.2023, 11:33:11 - DEBUG - auth.service - login with username: roey-hazan 
28.6.2023, 11:33:11 - INFO - User login:  | {"fullname":"רועי חזן","cart":[],"username":"roey-hazan"} 
28.6.2023, 11:44:13 - DEBUG - auth.service - login with username: roey-hazan 
28.6.2023, 11:44:13 - INFO - User login:  | {"fullname":"רועי חזן","cart":[],"username":"roey-hazan"} 
28.6.2023, 11:46:35 - DEBUG - auth.service - login with username: roey-hazan 
28.6.2023, 11:46:35 - INFO - User login:  | {"fullname":"רועי חזן","cart":[],"username":"roey-hazan"} 
28.6.2023, 12:02:29 - INFO - Server is running on port: 3030 
28.6.2023, 12:02:51 - DEBUG - auth.service - login with username: roey-hazan 
28.6.2023, 12:02:51 - ERROR - Failed to Login Invalid username or password 
28.6.2023, 12:03:03 - DEBUG - auth.service - login with username: roey-hazan 
28.6.2023, 12:03:04 - INFO - User login:  | {"fullname":"רועי חזן","cart":[],"username":"roey-hazan","isAdmin":true} 
28.6.2023, 12:18:33 - DEBUG - auth.service - login with username: roey-hazan 
28.6.2023, 12:18:33 - INFO - User login:  | {"fullname":"רועי חזן","cart":[],"username":"roey-hazan","isAdmin":true} 
28.6.2023, 12:50:34 - INFO - Server is running on port: 3030 
28.6.2023, 13:02:48 - DEBUG - auth.service - login with username: roey-hazan 
28.6.2023, 13:02:48 - INFO - User login:  | {"fullname":"רועי חזן","cart":[],"username":"roey-hazan","isAdmin":true} 
28.6.2023, 13:03:50 - DEBUG - auth.service - login with username: roey-hazan 
28.6.2023, 13:03:50 - INFO - User login:  | {"fullname":"רועי חזן","cart":[],"username":"roey-hazan","isAdmin":true} 
28.6.2023, 13:09:36 - INFO - Server is running on port: 3030 
28.6.2023, 13:10:02 - INFO - Server is running on port: 3030 
28.6.2023, 13:10:32 - INFO - Server is running on port: 3030 
28.6.2023, 13:11:31 - INFO - Server is running on port: 3030 
28.6.2023, 13:12:51 - INFO - Server is running on port: 3030 
28.6.2023, 13:13:15 - INFO - Server is running on port: 3030 
28.6.2023, 13:13:39 - INFO - Server is running on port: 3030 
26.7.2023, 14:10:02 - INFO - Server is running on port: 3030 
26.7.2023, 15:03:18 - INFO - Server is running on port: 3030 
26.7.2023, 15:03:47 - INFO - Server is running on port: 3030 
27.7.2023, 12:57:24 - INFO - Server is running on port: 3030 
27.7.2023, 12:58:06 - INFO - Server is running on port: 3030 
27.7.2023, 13:06:35 - INFO - Server is running on port: 3030 
